#
# A fatal error has been detected by the Java Runtime Environment:
#
#  EXCEPTION_ACCESS_VIOLATION (0xc0000005) at pc=0x00007ff87acdfd0c, pid=22060, tid=0x0000000000004f28
#
# JRE version: Java(TM) SE Runtime Environment (8.0_131-b11) (build 1.8.0_131-b11)
# Java VM: Java HotSpot(TM) 64-Bit Server VM (25.131-b11 mixed mode windows-amd64 compressed oops)
# Problematic frame:
# C  [d3d9.dll+0xfd0c]
#
# Failed to write core dump. Minidumps are not enabled by default on client versions of Windows
#
# If you would like to submit a bug report, please visit:
#   http://bugreport.java.com/bugreport/crash.jsp
# The crash happened outside the Java Virtual Machine in native code.
# See problematic frame for where to report the bug.
#

---------------  T H R E A D  ---------------

Current thread (0x000000001ffc4800):  JavaThread "AWT-Windows" daemon [_thread_in_native, id=20264, stack(0x0000000020950000,0x0000000020a50000)]

siginfo: ExceptionCode=0xc0000005, writing address 0x0000000000000000

Registers:
RAX=0x0000000000000000, RBX=0x0000000020a4dcb0, RCX=0x0000000026b9e040, RDX=0x0000000020a4e4c0
RSP=0x0000000020a4dc08, RBP=0x0000000020a4dfa0, RSI=0x0000000000000001, RDI=0x0000000026bbdcc0
R8 =0x0000000000000000, R9 =0x0000000000000000, R10=0x0000000026b9ee5c, R11=0x0000000000000068
R12=0x0000000000000001, R13=0x0000000020a4e4c0, R14=0x0000000000000000, R15=0x0000000000000000
RIP=0x00007ff87acdfd0c, EFLAGS=0x0000000000010246

Top of Stack: (sp=0x0000000020a4dc08)
0x0000000020a4dc08:   00007ff87ace167f 0000000020a4dc68
0x0000000020a4dc18:   0000000020a4dc70 0000000000000680
0x0000000020a4dc28:   0000000000010001 0000000000000000
0x0000000020a4dc38:   0000000026bbdcc0 0000000000000000
0x0000000020a4dc48:   00007ff87acf76a6 0000000000000000
0x0000000020a4dc58:   0000000000000000 0000000000000001
0x0000000020a4dc68:   0000000000000001 0000000000000000
0x0000000020a4dc78:   0000000000000000 0000000000005c88
0x0000000020a4dc88:   0000000000005c90 0000000000000000
0x0000000020a4dc98:   0000000020a4dce8 0000000000000000
0x0000000020a4dca8:   000000000000001a 0000000000000000
0x0000000020a4dcb8:   0000000000000000 0000000028248180
0x0000000020a4dcc8:   0000000026b9e040 0000000000000000
0x0000000020a4dcd8:   0000000001247538 0000000000000000
0x0000000020a4dce8:   0000000000000003 0000000000000000
0x0000000020a4dcf8:   0000000000000000 0000000000000048 

Instructions: (pc=0x00007ff87acdfd0c)
0x00007ff87acdfcec:   e9 10 fe ff ff cc cc cc cc cc cc cc cc cc cc cc
0x00007ff87acdfcfc:   cc cc cc cc ff 25 00 00 00 00 40 8a 01 80 01 00
0x00007ff87acdfd0c:   00 00 5c 24 20 55 56 57 41 54 41 55 41 56 41 57
0x00007ff87acdfd1c:   48 8d 6c 24 c0 48 81 ec 40 01 00 00 48 8b 05 a9 


Register to memory mapping:

RAX=0x0000000000000000 is an unknown value
RBX=0x0000000020a4dcb0 is pointing into the stack for thread: 0x000000001ffc4800
RCX=0x0000000026b9e040 is an unknown value
RDX=0x0000000020a4e4c0 is pointing into the stack for thread: 0x000000001ffc4800
RSP=0x0000000020a4dc08 is pointing into the stack for thread: 0x000000001ffc4800
RBP=0x0000000020a4dfa0 is pointing into the stack for thread: 0x000000001ffc4800
RSI=0x0000000000000001 is an unknown value
RDI=0x0000000026bbdcc0 is an unknown value
R8 =0x0000000000000000 is an unknown value
R9 =0x0000000000000000 is an unknown value
R10=0x0000000026b9ee5c is an unknown value
R11=0x0000000000000068 is an unknown value
R12=0x0000000000000001 is an unknown value
R13=0x0000000020a4e4c0 is pointing into the stack for thread: 0x000000001ffc4800
R14=0x0000000000000000 is an unknown value
R15=0x0000000000000000 is an unknown value


Stack: [0x0000000020950000,0x0000000020a50000],  sp=0x0000000020a4dc08,  free space=1015k
Native frames: (J=compiled Java code, j=interpreted, Vv=VM code, C=native code)
C  [d3d9.dll+0xfd0c]
C  [d3d9.dll+0x1167f]
C  [d3d9.dll+0x276a6]
C  [d3d9.dll+0x2cb68]
C  [d3d9.dll+0x2a81e]
C  [awt.dll+0x19e2d]
C  [awt.dll+0x19f8b]
C  [awt.dll+0x1a93f]
C  [awt.dll+0x1e4c5]
C  [awt.dll+0x1b609]
C  0x0000000002f07f74

Java frames: (J=compiled Java code, j=interpreted, Vv=VM code)
j  sun.java2d.d3d.D3DGraphicsDevice.getDeviceCapsNative(I)I+0
j  sun.java2d.d3d.D3DGraphicsDevice.access$000(I)I+1
j  sun.java2d.d3d.D3DGraphicsDevice$1.run()V+8
v  ~StubRoutines::call_stub
j  sun.awt.windows.WToolkit.eventLoop()V+0
j  sun.awt.windows.WToolkit.run()V+58
j  java.lang.Thread.run()V+11
v  ~StubRoutines::call_stub

---------------  P R O C E S S  ---------------

Java Threads: ( => current thread )
=>0x000000001ffc4800 JavaThread "AWT-Windows" daemon [_thread_in_native, id=20264, stack(0x0000000020950000,0x0000000020a50000)]
  0x000000001ffc4000 JavaThread "AWT-Shutdown" [_thread_blocked, id=22364, stack(0x0000000020850000,0x0000000020950000)]
  0x000000001ffc3800 JavaThread "Java2D Disposer" daemon [_thread_blocked, id=19532, stack(0x0000000020750000,0x0000000020850000)]
  0x000000001e9cf800 JavaThread "Thread-0" [_thread_in_native, id=19392, stack(0x000000001fa40000,0x000000001fb40000)]
  0x000000001e954800 JavaThread "Service Thread" daemon [_thread_blocked, id=8668, stack(0x000000001f4b0000,0x000000001f5b0000)]
  0x000000001e8cf000 JavaThread "C1 CompilerThread3" daemon [_thread_blocked, id=19232, stack(0x000000001f3b0000,0x000000001f4b0000)]
  0x000000001e8c1000 JavaThread "C2 CompilerThread2" daemon [_thread_blocked, id=14584, stack(0x000000001f2b0000,0x000000001f3b0000)]
  0x000000001e8be000 JavaThread "C2 CompilerThread1" daemon [_thread_blocked, id=20828, stack(0x000000001f1b0000,0x000000001f2b0000)]
  0x000000001e8bb800 JavaThread "C2 CompilerThread0" daemon [_thread_blocked, id=6728, stack(0x000000001f0b0000,0x000000001f1b0000)]
  0x000000001e8b6000 JavaThread "Attach Listener" daemon [_thread_blocked, id=23112, stack(0x000000001efb0000,0x000000001f0b0000)]
  0x000000001c9ae000 JavaThread "Signal Dispatcher" daemon [_thread_blocked, id=5264, stack(0x000000001eeb0000,0x000000001efb0000)]
  0x0000000002ee8800 JavaThread "Finalizer" daemon [_thread_blocked, id=19868, stack(0x000000001ec90000,0x000000001ed90000)]
  0x000000001c99d000 JavaThread "Reference Handler" daemon [_thread_blocked, id=11964, stack(0x000000001e790000,0x000000001e890000)]
  0x0000000002df0800 JavaThread "main" [_thread_in_native, id=7248, stack(0x0000000002c60000,0x0000000002d60000)]

Other Threads:
  0x000000001c998800 VMThread [stack: 0x000000001e690000,0x000000001e790000] [id=16440]
  0x000000001e97b000 WatcherThread [stack: 0x000000001f940000,0x000000001fa40000] [id=14892]

VM state:not at safepoint (normal execution)

VM Mutex/Monitor currently owned by a thread: None

Heap:
 PSYoungGen      total 76288K, used 6554K [0x000000076af00000, 0x0000000770400000, 0x00000007c0000000)
  eden space 65536K, 10% used [0x000000076af00000,0x000000076b566a88,0x000000076ef00000)
  from space 10752K, 0% used [0x000000076f980000,0x000000076f980000,0x0000000770400000)
  to   space 10752K, 0% used [0x000000076ef00000,0x000000076ef00000,0x000000076f980000)
 ParOldGen       total 175104K, used 0K [0x00000006c0c00000, 0x00000006cb700000, 0x000000076af00000)
  object space 175104K, 0% used [0x00000006c0c00000,0x00000006c0c00000,0x00000006cb700000)
 Metaspace       used 5657K, capacity 5824K, committed 5888K, reserved 1056768K
  class space    used 655K, capacity 729K, committed 768K, reserved 1048576K

Card table byte_map: [0x00000000122b0000,0x0000000012ab0000] byte_map_base: 0x000000000ecaa000

Marking Bits: (ParMarkBitMap*) 0x000000005a4fc720
 Begin Bits: [0x0000000013810000, 0x00000000177e0000)
 End Bits:   [0x00000000177e0000, 0x000000001b7b0000)

Polling page: 0x0000000001360000

CodeCache: size=245760Kb used=1543Kb max_used=1543Kb free=244216Kb
 bounds [0x0000000002ef0000, 0x0000000003160000, 0x0000000011ef0000]
 total_blobs=562 nmethods=227 adapters=248
 compilation: enabled

Compilation events (10 events):
Event: 0.145 Thread 0x000000001e8cf000  222       3       jdk.internal.org.objectweb.asm.ByteVector::enlarge (51 bytes)
Event: 0.145 Thread 0x000000001e8cf000 nmethod 222 0x000000000306fb90 code [0x000000000306fd00, 0x0000000003070028]
Event: 0.146 Thread 0x000000001e8cf000  223       1       java.lang.invoke.MethodTypeForm::basicType (5 bytes)
Event: 0.146 Thread 0x000000001e8cf000 nmethod 223 0x0000000003070110 code [0x0000000003070260, 0x0000000003070370]
Event: 0.146 Thread 0x000000001e8cf000  224  s    1       java.util.Vector::size (5 bytes)
Event: 0.146 Thread 0x000000001e8cf000 nmethod 224 0x00000000030703d0 code [0x0000000003070520, 0x0000000003070790]
Event: 0.198 Thread 0x000000001e8cf000  225       3       java.lang.invoke.MethodType$ConcurrentWeakInternSet::get (54 bytes)
Event: 0.199 Thread 0x000000001e8cf000 nmethod 225 0x0000000003070810 code [0x0000000003070a40, 0x0000000003071718]
Event: 0.199 Thread 0x000000001e8cf000  227       3       jdk.internal.org.objectweb.asm.ClassWriter::put122 (15 bytes)
Event: 0.199 Thread 0x000000001e8cf000 nmethod 227 0x0000000003071e50 code [0x0000000003071fc0, 0x00000000030721b8]

GC Heap History (0 events):
No events

Deoptimization events (0 events):
No events

Internal exceptions (10 events):
Event: 0.023 Thread 0x0000000002df0800 Exception <a 'java/lang/NoSuchMethodError': Method sun.misc.Unsafe.prefetchRead(Ljava/lang/Object;J)V name or signature does not match> (0x000000076af07f90) thrown at [C:\re\workspace\8-2-build-windows-amd64-cygwin\jdk8u131\8869\hotspot\src\share\vm\prims
Event: 0.054 Thread 0x0000000002df0800 Exception <a 'java/io/FileNotFoundException'> (0x000000076af5a6a0) thrown at [C:\re\workspace\8-2-build-windows-amd64-cygwin\jdk8u131\8869\hotspot\src\share\vm\prims\jni.cpp, line 709]
Event: 0.079 Thread 0x0000000002df0800 Exception <a 'java/security/PrivilegedActionException'> (0x000000076af98428) thrown at [C:\re\workspace\8-2-build-windows-amd64-cygwin\jdk8u131\8869\hotspot\src\share\vm\prims\jvm.cpp, line 1390]
Event: 0.079 Thread 0x0000000002df0800 Exception <a 'java/security/PrivilegedActionException'> (0x000000076af98638) thrown at [C:\re\workspace\8-2-build-windows-amd64-cygwin\jdk8u131\8869\hotspot\src\share\vm\prims\jvm.cpp, line 1390]
Event: 0.080 Thread 0x0000000002df0800 Exception <a 'java/security/PrivilegedActionException'> (0x000000076af9c2a8) thrown at [C:\re\workspace\8-2-build-windows-amd64-cygwin\jdk8u131\8869\hotspot\src\share\vm\prims\jvm.cpp, line 1390]
Event: 0.080 Thread 0x0000000002df0800 Exception <a 'java/security/PrivilegedActionException'> (0x000000076af9c4b8) thrown at [C:\re\workspace\8-2-build-windows-amd64-cygwin\jdk8u131\8869\hotspot\src\share\vm\prims\jvm.cpp, line 1390]
Event: 0.083 Thread 0x0000000002df0800 Exception <a 'java/io/FileNotFoundException'> (0x000000076af9f110) thrown at [C:\re\workspace\8-2-build-windows-amd64-cygwin\jdk8u131\8869\hotspot\src\share\vm\prims\jni.cpp, line 709]
Event: 0.113 Thread 0x0000000002df0800 Exception <a 'java/lang/NoSuchFieldError': method resolution failed> (0x000000076b2fbb68) thrown at [C:\re\workspace\8-2-build-windows-amd64-cygwin\jdk8u131\8869\hotspot\src\share\vm\prims\methodHandles.cpp, line 1146]
Event: 0.114 Thread 0x0000000002df0800 Exception <a 'java/lang/NoSuchFieldError': method resolution failed> (0x000000076b308eb8) thrown at [C:\re\workspace\8-2-build-windows-amd64-cygwin\jdk8u131\8869\hotspot\src\share\vm\prims\methodHandles.cpp, line 1146]
Event: 0.142 Thread 0x0000000002df0800 Exception <a 'java/io/FileNotFoundException'> (0x000000076b39c428) thrown at [C:\re\workspace\8-2-build-windows-amd64-cygwin\jdk8u131\8869\hotspot\src\share\vm\prims\jni.cpp, line 709]

Events (10 events):
Event: 0.236 loading class sun/java2d/pipe/RenderQueue done
Event: 0.236 loading class sun/java2d/d3d/D3DRenderQueue done
Event: 0.236 loading class sun/java2d/pipe/RenderBuffer
Event: 0.236 loading class sun/java2d/pipe/RenderBuffer done
Event: 0.236 loading class sun/java2d/d3d/D3DRenderQueue$1
Event: 0.236 loading class sun/java2d/d3d/D3DRenderQueue$1 done
Event: 0.236 loading class sun/java2d/d3d/D3DGraphicsDevice$1Result
Event: 0.236 loading class sun/java2d/d3d/D3DGraphicsDevice$1Result done
Event: 0.236 loading class sun/java2d/d3d/D3DGraphicsDevice$1
Event: 0.236 loading class sun/java2d/d3d/D3DGraphicsDevice$1 done


Dynamic libraries:
0x00007ff7b74f0000 - 0x00007ff7b7527000 	C:\Program Files\Java\jre1.8.0_131\bin\javaw.exe
0x00007ff8ade70000 - 0x00007ff8ae04b000 	C:\WINDOWS\SYSTEM32\ntdll.dll
0x00007ff8ab4d0000 - 0x00007ff8ab57e000 	C:\WINDOWS\System32\KERNEL32.DLL
0x00007ff8aa390000 - 0x00007ff8aa5d9000 	C:\WINDOWS\System32\KERNELBASE.dll
0x000000005aed0000 - 0x000000005af83000 	C:\Program Files\Bitdefender\Bitdefender 2017\Active Virus Control\Avc3_00136_029\avcuf64.dll
0x00007ff8acd70000 - 0x00007ff8ace11000 	C:\WINDOWS\System32\ADVAPI32.dll
0x00007ff8ab430000 - 0x00007ff8ab4cd000 	C:\WINDOWS\System32\msvcrt.dll
0x00007ff8acb10000 - 0x00007ff8acb69000 	C:\WINDOWS\System32\sechost.dll
0x00007ff8ace30000 - 0x00007ff8acf55000 	C:\WINDOWS\System32\RPCRT4.dll
0x00007ff8acb70000 - 0x00007ff8accba000 	C:\WINDOWS\System32\USER32.dll
0x00007ff8aa800000 - 0x00007ff8aa81e000 	C:\WINDOWS\System32\win32u.dll
0x00007ff8acd40000 - 0x00007ff8acd67000 	C:\WINDOWS\System32\GDI32.dll
0x00007ff8aa970000 - 0x00007ff8aaaf8000 	C:\WINDOWS\System32\gdi32full.dll
0x00007ff8aa820000 - 0x00007ff8aa8ba000 	C:\WINDOWS\System32\msvcp_win.dll
0x00007ff8aab70000 - 0x00007ff8aac66000 	C:\WINDOWS\System32\ucrtbase.dll
0x00007ff89f070000 - 0x00007ff89f2d7000 	C:\WINDOWS\WinSxS\amd64_microsoft.windows.common-controls_6595b64144ccf1df_6.0.15063.483_none_26002d27e7c744a2\COMCTL32.dll
0x00007ff8ad480000 - 0x00007ff8ad779000 	C:\WINDOWS\System32\combase.dll
0x00007ff8aab00000 - 0x00007ff8aab6a000 	C:\WINDOWS\System32\bcryptPrimitives.dll
0x00007ff8acae0000 - 0x00007ff8acb0d000 	C:\WINDOWS\System32\IMM32.DLL
0x0000000059b20000 - 0x0000000059bf2000 	C:\Program Files\Java\jre1.8.0_131\bin\msvcr100.dll
0x0000000059ce0000 - 0x000000005a57c000 	C:\Program Files\Java\jre1.8.0_131\bin\server\jvm.dll
0x00007ff8ad300000 - 0x00007ff8ad308000 	C:\WINDOWS\System32\PSAPI.DLL
0x00007ff89b260000 - 0x00007ff89b269000 	C:\WINDOWS\SYSTEM32\WSOCK32.dll
0x00007ff8ade00000 - 0x00007ff8ade6c000 	C:\WINDOWS\System32\WS2_32.dll
0x00007ff8a75e0000 - 0x00007ff8a7603000 	C:\WINDOWS\SYSTEM32\WINMM.dll
0x00007ff8a62f0000 - 0x00007ff8a62fa000 	C:\WINDOWS\SYSTEM32\VERSION.dll
0x00007ff8a75b0000 - 0x00007ff8a75db000 	C:\WINDOWS\SYSTEM32\WINMMBASE.dll
0x00007ff8aa7b0000 - 0x00007ff8aa7f9000 	C:\WINDOWS\System32\cfgmgr32.dll
0x0000000059cd0000 - 0x0000000059cdf000 	C:\Program Files\Java\jre1.8.0_131\bin\verify.dll
0x0000000059ca0000 - 0x0000000059cc9000 	C:\Program Files\Java\jre1.8.0_131\bin\java.dll
0x0000000059c80000 - 0x0000000059c96000 	C:\Program Files\Java\jre1.8.0_131\bin\zip.dll
0x00007ff8ab580000 - 0x00007ff8ac9b7000 	C:\WINDOWS\System32\SHELL32.dll
0x00007ff8ad100000 - 0x00007ff8ad1aa000 	C:\WINDOWS\System32\shcore.dll
0x00007ff8aacd0000 - 0x00007ff8ab3c2000 	C:\WINDOWS\System32\windows.storage.dll
0x00007ff8ab3d0000 - 0x00007ff8ab421000 	C:\WINDOWS\System32\shlwapi.dll
0x00007ff8aa320000 - 0x00007ff8aa331000 	C:\WINDOWS\System32\kernel.appcore.dll
0x00007ff8aa340000 - 0x00007ff8aa38c000 	C:\WINDOWS\System32\powrprof.dll
0x00007ff8aa300000 - 0x00007ff8aa315000 	C:\WINDOWS\System32\profapi.dll
0x0000000059c60000 - 0x0000000059c7a000 	C:\Program Files\Java\jre1.8.0_131\bin\net.dll
0x00007ff8a9b90000 - 0x00007ff8a9bec000 	C:\WINDOWS\system32\mswsock.dll
0x00007ff8a9970000 - 0x00007ff8a9a14000 	C:\WINDOWS\SYSTEM32\DNSAPI.dll
0x00007ff8ad780000 - 0x00007ff8ad788000 	C:\WINDOWS\System32\NSI.dll
0x00007ff8a9930000 - 0x00007ff8a9967000 	C:\WINDOWS\SYSTEM32\IPHLPAPI.DLL
0x000000005b0a0000 - 0x000000005b0c6000 	C:\Program Files\Bonjour\mdnsNSP.dll
0x00007ff8a5e00000 - 0x00007ff8a5e0a000 	C:\Windows\System32\rasadhlp.dll
0x0000000059980000 - 0x0000000059b18000 	C:\Program Files\Java\jre1.8.0_131\bin\awt.dll
0x00007ff8add40000 - 0x00007ff8ade00000 	C:\WINDOWS\System32\OLEAUT32.dll
0x00007ff8a89e0000 - 0x00007ff8a8a5e000 	C:\WINDOWS\SYSTEM32\apphelp.dll
0x00007ff8a63a0000 - 0x00007ff8a640b000 	C:\WINDOWS\System32\fwpuclnt.dll
0x00007ff8aa1b0000 - 0x00007ff8aa1d5000 	C:\WINDOWS\SYSTEM32\bcrypt.dll
0x00007ff8a3500000 - 0x00007ff8a352a000 	C:\WINDOWS\system32\DWMAPI.DLL
0x00007ff8a8db0000 - 0x00007ff8a8e45000 	C:\WINDOWS\system32\uxtheme.dll
0x00007ff89bd80000 - 0x00007ff89bea1000 	C:\WINDOWS\system32\opengl32.dll
0x00007ff8a0ec0000 - 0x00007ff8a0eec000 	C:\WINDOWS\SYSTEM32\GLU32.dll
0x00007ff8ad310000 - 0x00007ff8ad476000 	C:\WINDOWS\System32\MSCTF.dll
0x0000000180000000 - 0x0000000180036000 	C:\Program Files (x86)\RivaTuner Statistics Server\RTSSHooks64.dll
0x000000005a580000 - 0x000000005a623000 	C:\WINDOWS\WinSxS\amd64_microsoft.vc90.crt_1fc8b3b9a1e18e3b_9.0.30729.9279_none_08e667efa83ba076\MSVCR90.dll
0x00007ff89b3a0000 - 0x00007ff89b3c8000 	c:\program files\nvidia corporation\nvstreamsrv\nvinject.dll
0x00007ff88f690000 - 0x00007ff88f6d8000 	C:\Program Files (x86)\TeamViewer\tv_x64.dll
0x00007ff8ad1b0000 - 0x00007ff8ad2f5000 	C:\WINDOWS\System32\ole32.dll
0x00007ff87acd0000 - 0x00007ff87ae59000 	C:\WINDOWS\system32\d3d9.dll
0x00007ff8a26d0000 - 0x00007ff8a27af000 	C:\WINDOWS\System32\DriverStore\FileRepository\nv_ref_pubwu.inf_amd64_f9309145156afb40\nvldumdx.dll
0x00007ff8aa5e0000 - 0x00007ff8aa7a9000 	C:\WINDOWS\System32\crypt32.dll
0x00007ff8aa2e0000 - 0x00007ff8aa2f1000 	C:\WINDOWS\System32\MSASN1.dll
0x00007ff8aac70000 - 0x00007ff8aacc6000 	C:\WINDOWS\System32\WINTRUST.DLL
0x00007ff8ac9c0000 - 0x00007ff8ac9dd000 	C:\WINDOWS\System32\imagehlp.dll
0x00007ff8a9d30000 - 0x00007ff8a9d47000 	C:\WINDOWS\SYSTEM32\CRYPTSP.dll
0x00007ff8a97b0000 - 0x00007ff8a97e4000 	C:\WINDOWS\system32\rsaenh.dll
0x00007ff8aa1a0000 - 0x00007ff8aa1ab000 	C:\WINDOWS\SYSTEM32\CRYPTBASE.dll
0x00007ff86b080000 - 0x00007ff86c095000 	C:\WINDOWS\System32\DriverStore\FileRepository\nv_ref_pubwu.inf_amd64_f9309145156afb40\nvd3dumx.dll
0x00007ff866960000 - 0x00007ff866b37000 	C:\WINDOWS\system32\nvspcap64.dll
0x00007ff8ad900000 - 0x00007ff8add3b000 	C:\WINDOWS\System32\SETUPAPI.dll
0x00007ff8a61f0000 - 0x00007ff8a62c7000 	C:\WINDOWS\SYSTEM32\WINHTTP.dll
0x00007ff8a7fd0000 - 0x00007ff8a7fe3000 	C:\WINDOWS\SYSTEM32\WTSAPI32.dll
0x00007ff89fa40000 - 0x00007ff89fe61000 	C:\WINDOWS\system32\nvapi64.dll
0x00007ff8a9210000 - 0x00007ff8a92b4000 	C:\WINDOWS\SYSTEM32\dxgi.dll
0x00007ff8a8e50000 - 0x00007ff8a8e78000 	C:\WINDOWS\SYSTEM32\DEVOBJ.dll
0x00007ff896ad0000 - 0x00007ff896bb9000 	C:\Program Files (x86)\NVIDIA Corporation\3D Vision\nvSCPAPI64.dll
0x00007ff8a0540000 - 0x00007ff8a06e9000 	C:\WINDOWS\SYSTEM32\dbghelp.dll
0x00007ff8a0510000 - 0x00007ff8a0539000 	C:\WINDOWS\SYSTEM32\dbgcore.DLL

VM Arguments:
jvm_args: -Dfile.encoding=UTF-8 
java_command: jaims_development_studio.jaims.client.logic.ClientMain
java_class_path (initial): G:\git\Jaims\jaims-client\target\classes;C:\Users\josef\workspace\Project-Server\Project-Server\libs\commons-lang\commons-lang3-3.5.jar;C:\Users\josef\.m2\repository\org\hsqldb\hsqldb\2.4.0\hsqldb-2.4.0.jar;C:\Users\josef\.m2\repository\commons-io\commons-io\2.5\commons-io-2.5.jar
Launcher Type: SUN_STANDARD

Environment Variables:
PATH=C:/Program Files/Java/jre1.8.0_131/bin/server;C:/Program Files/Java/jre1.8.0_131/bin;C:/Program Files/Java/jre1.8.0_131/lib/amd64;C:\ProgramData\Oracle\Java\javapath;C:\Windows\system32;C:\Windows;C:\Windows\System32\Wbem;C:\Windows\System32\WindowsPowerShell\v1.0\;C:\Program Files (x86)\Skype\Phone\;C:\Program Files (x86)\NVIDIA Corporation\PhysX\Common;C:\Program Files\Git\cmd;C:\Program Files (x86)\Windows Live\Shared;C:\Program Files (x86)\QuickTime\QTSystem\;%SystemRoot%\system32;%SystemRoot%;%SystemRoot%\System32\Wbem;%SYSTEMROOT%\System32\WindowsPowerShell\v1.0\;C:\Users\josef\AppData\Local\Microsoft\WindowsApps;%DASHLANE_DLL_DIR%;C:\eclipse;
USERNAME=josef
OS=Windows_NT
PROCESSOR_IDENTIFIER=Intel64 Family 6 Model 60 Stepping 3, GenuineIntel



---------------  S Y S T E M  ---------------

OS: Windows 10.0 , 64 bit Build 15063 (10.0.15063.296)

CPU:total 8 (initial active 8) (4 cores per cpu, 2 threads per core) family 6 model 60 stepping 3, cmov, cx8, fxsr, mmx, sse, sse2, sse3, ssse3, sse4.1, sse4.2, popcnt, avx, avx2, aes, clmul, erms, lzcnt, ht, tsc, tscinvbit, bmi1, bmi2

Memory: 4k page, physical 16727784k(11367592k free), swap 19218152k(12680596k free)

vm_info: Java HotSpot(TM) 64-Bit Server VM (25.131-b11) for windows-amd64 JRE (1.8.0_131-b11), built on Mar 15 2017 01:23:53 by "java_re" with MS VC++ 10.0 (VS2010)

time: Mon Jul 17 21:59:48 2017
elapsed time: 0 seconds (0d 0h 0m 0s)

